# JRE version: OpenJDK Runtime Environment (10.0.1+10) (build 10.0.1+10-Debian-4)
# Java VM: OpenJDK 64-Bit Server VM (10.0.1+10-Debian-4, mixed mode, tiered, compressed oops, g1 gc, linux-amd64)
Heap:
 garbage-first heap   total 78848K, used 61855K [0x00000000ab800000, 0x0000000100000000)
  region size 1024K, 38 young (38912K), 3 survivors (3072K)
 Metaspace       used 61584K, capacity 64026K, committed 64624K, reserved 1105920K
  class space    used 7648K, capacity 8416K, committed 8560K, reserved 1048576K
GC Heap History (10 events):
Event: 1549,007 GC heap after
{Heap after GC invocations=43 (full 7):
 garbage-first heap   total 78848K, used 25432K [0x00000000ab800000, 0x0000000100000000)
  region size 1024K, 3 young (3072K), 3 survivors (3072K)
 Metaspace       used 61171K, capacity 63434K, committed 64112K, reserved 1105920K
  class space    used 7593K, capacity 8309K, committed 8560K, reserved 1048576K
}
Event: 1551,983 GC heap before
{Heap before GC invocations=43 (full 7):
 garbage-first heap   total 78848K, used 64344K [0x00000000ab800000, 0x0000000100000000)
  region size 1024K, 41 young (41984K), 3 survivors (3072K)
 Metaspace       used 61423K, capacity 63822K, committed 64368K, reserved 1105920K
  class space    used 7621K, capacity 8379K, committed 8560K, reserved 1048576K
}
Event: 1551,995 GC heap after
{Heap after GC invocations=44 (full 7):
 garbage-first heap   total 78848K, used 28546K [0x00000000ab800000, 0x0000000100000000)
  region size 1024K, 6 young (6144K), 6 survivors (6144K)
 Metaspace       used 61423K, capacity 63822K, committed 64368K, reserved 1105920K
  class space    used 7621K, capacity 8379K, committed 8560K, reserved 1048576K
}
Event: 1814,241 GC heap before
{Heap before GC invocations=44 (full 7):
 garbage-first heap   total 78848K, used 63362K [0x00000000ab800000, 0x0000000100000000)
  region size 1024K, 40 young (40960K), 6 survivors (6144K)
 Metaspace       used 61532K, capacity 63944K, committed 64624K, reserved 1105920K
  class space    used 7641K, capacity 8409K, committed 8560K, reserved 1048576K
}
Event: 1814,262 GC heap after
{Heap after GC invocations=45 (full 7):
 garbage-first heap   total 78848K, used 29248K [0x00000000ab800000, 0x0000000100000000)
  region size 1024K, 1 young (1024K), 1 survivors (1024K)
 Metaspace       used 61532K, capacity 63944K, committed 64624K, reserved 1105920K
  class space    used 7641K, capacity 8409K, committed 8560K, reserved 1048576K
}
Event: 1853,911 GC heap before
{Heap before GC invocations=45 (full 7):
 garbage-first heap   total 78848K, used 32320K [0x00000000ab800000, 0x0000000100000000)
  region size 1024K, 5 young (5120K), 1 survivors (1024K)
 Metaspace       used 61535K, capacity 63950K, committed 64624K, reserved 1105920K
  class space    used 7642K, capacity 8411K, committed 8560K, reserved 1048576K
}
Event: 1853,976 GC heap after
{Heap after GC invocations=46 (full 8):
 garbage-first heap   total 78848K, used 23967K [0x00000000ab800000, 0x0000000100000000)
  region size 1024K, 0 young (0K), 0 survivors (0K)
 Metaspace       used 61530K, capacity 63938K, committed 64624K, reserved 1105920K
  class space    used 7641K, capacity 8408K, committed 8560K, reserved 1048576K
}
Event: 1854,245 GC heap before
{Heap before GC invocations=46 (full 8):
 garbage-first heap   total 78848K, used 60831K [0x00000000ab800000, 0x0000000100000000)
  region size 1024K, 36 young (36864K), 0 survivors (0K)
 Metaspace       used 61563K, capacity 64024K, committed 64624K, reserved 1105920K
  class space    used 7646K, capacity 8414K, committed 8560K, reserved 1048576K
}
Event: 1854,252 GC heap after
{Heap after GC invocations=47 (full 8):
 garbage-first heap   total 78848K, used 26015K [0x00000000ab800000, 0x0000000100000000)
  region size 1024K, 2 young (2048K), 2 survivors (2048K)
 Metaspace       used 61563K, capacity 64024K, committed 64624K, reserved 1105920K
  class space    used 7646K, capacity 8414K, committed 8560K, reserved 1048576K
}
Event: 1854,356 GC heap before
{Heap before GC invocations=47 (full 8):
 garbage-first heap   total 78848K, used 61855K [0x00000000ab800000, 0x0000000100000000)
  region size 1024K, 37 young (37888K), 2 survivors (2048K)
 Metaspace       used 61584K, capacity 64026K, committed 64624K, reserved 1105920K
  class space    used 7648K, capacity 8416K, committed 8560K, reserved 1048576K
}

